<?xml version="1.0" encoding="UTF-8"?>
<testsuites name="Mocha Tests" time="18.097" tests="1" failures="0">
  <testsuite name="Root Suite" timestamp="2023-02-08T06:18:01" tests="0" file="cypress\e2e\user-management\userMgmtShowHideSpec.cy.js" time="0.000" failures="0">
  </testsuite>
  <testsuite name="User management table view tests" timestamp="2023-02-08T06:18:01" tests="1" time="18.076" failures="0">
    <testcase name="User management table view tests Validate hide/show column in User management table" time="17.985" classname="Validate hide/show column in User management table">
    </testcase>
  </testsuite>
</testsuites>