<?xml version="1.0" encoding="UTF-8"?>
<testsuites name="Mocha Tests" time="212.934" tests="2" failures="1">
  <testsuite name="Root Suite" timestamp="2023-02-08T05:53:20" tests="0" file="cypress\e2e\organization-management\orgMgmtTableView.cy.js" time="0.000" failures="0">
  </testsuite>
  <testsuite name="Verify Organization management table view" timestamp="2023-02-08T05:53:20" tests="2" time="212.921" failures="1">
    <testcase name="Verify Organization management table view Verify organization management table columns visibility in table view" time="0.000" classname="Verify organization management table columns visibility in table view">
      <failure message="Timed out retrying after 180000ms: Expected to find element: `[data-testid=&quot;column-header-timezone&quot;]`, but never found it." type="AssertionError"><![CDATA[AssertionError: Timed out retrying after 180000ms: Expected to find element: `[data-testid="column-header-timezone"]`, but never found it.
    at Context.eval (webpack:///./cypress/e2e/organization-management/orgMgmtTableView.cy.js:17:51)]]></failure>
    </testcase>
    <testcase name="Verify Organization management table view Get the My organization name when user logged" time="16.798" classname="Get the My organization name when user logged">
    </testcase>
  </testsuite>
</testsuites>