<?xml version="1.0" encoding="UTF-8"?>
<testsuites name="Mocha Tests" time="800.231" tests="4" failures="4">
  <testsuite name="Root Suite" timestamp="2023-02-08T05:23:27" tests="0" file="cypress\e2e\mobile\createNewUser.cy.js" time="0.000" failures="0">
  </testsuite>
  <testsuite name="Create New User in User management" timestamp="2023-02-08T05:23:27" tests="4" time="800.209" failures="4">
    <testcase name="Create New User in User management Navigate to User Management and Create new user samsung-note9 screen" time="0.000" classname="Navigate to User Management and Create new user samsung-note9 screen">
      <failure message="Timed out retrying after 180000ms: Expected to find content: &apos;FEDEX&apos; within the element: [ &lt;li&gt;, 133 more... ] but never did." type="AssertionError"><![CDATA[AssertionError: Timed out retrying after 180000ms: Expected to find content: 'FEDEX' within the element: [ <li>, 133 more... ] but never did.
    at Context.eval (webpack:///./cypress/support/commands.js:336:14)]]></failure>
    </testcase>
    <testcase name="Create New User in User management Navigate to User Management and Create new user ipad-2 screen" time="0.000" classname="Navigate to User Management and Create new user ipad-2 screen">
      <failure message="Timed out retrying after 180000ms: Expected to find content: &apos;FEDEX&apos; within the element: [ &lt;li.MuiButtonBase-root.MuiMenuItem-root.MuiMenuItem-gutters.MuiMenuItem-root.MuiMenuItem-gutters.css-a763h1&gt;, 126 more... ] but never did." type="AssertionError"><![CDATA[AssertionError: Timed out retrying after 180000ms: Expected to find content: 'FEDEX' within the element: [ <li.MuiButtonBase-root.MuiMenuItem-root.MuiMenuItem-gutters.MuiMenuItem-root.MuiMenuItem-gutters.css-a763h1>, 126 more... ] but never did.
    at Context.eval (webpack:///./cypress/support/commands.js:336:14)]]></failure>
    </testcase>
    <testcase name="Create New User in User management Navigate to User Management and Create new user iphone-8 screen" time="0.000" classname="Navigate to User Management and Create new user iphone-8 screen">
      <failure message="Timed out retrying after 180000ms: Expected to find content: &apos;FEDEX&apos; within the element: [ &lt;li&gt;, 133 more... ] but never did." type="AssertionError"><![CDATA[AssertionError: Timed out retrying after 180000ms: Expected to find content: 'FEDEX' within the element: [ <li>, 133 more... ] but never did.
    at Context.eval (webpack:///./cypress/support/commands.js:336:14)]]></failure>
    </testcase>
    <testcase name="Create New User in User management Navigate to User Management and Create new user 1170,2532 screen" time="0.000" classname="Navigate to User Management and Create new user 1170,2532 screen">
      <failure message="Timed out retrying after 180000ms: Expected to find content: &apos;FEDEX&apos; within the element: [ &lt;li&gt;, 133 more... ] but never did." type="AssertionError"><![CDATA[AssertionError: Timed out retrying after 180000ms: Expected to find content: 'FEDEX' within the element: [ <li>, 133 more... ] but never did.
    at Context.eval (webpack:///./cypress/support/commands.js:336:14)]]></failure>
    </testcase>
  </testsuite>
</testsuites>