<?xml version="1.0" encoding="UTF-8"?>
<testsuites name="Mocha Tests" time="65.121" tests="1" failures="1">
  <testsuite name="Root Suite" timestamp="2023-02-08T06:01:05" tests="0" file="cypress\e2e\screenshot-tests\screenshot-compare.cy.js" time="0.000" failures="0">
  </testsuite>
  <testsuite name="comparing two screenshots for difference at the pixel level" timestamp="2023-02-08T06:01:05" tests="1" time="65.104" failures="1">
    <testcase name="comparing two screenshots for difference at the pixel level compares the same page screenshot taken at two different times" time="0.000" classname="compares the same page screenshot taken at two different times">
      <failure message="Image difference greater than threshold: 0" type="Error"><![CDATA[Error: Image difference greater than threshold: 0
    at Context.eval (webpack:///./node_modules/cypress-recurse/src/index.js:104:0)]]></failure>
    </testcase>
  </testsuite>
</testsuites>