<?xml version="1.0" encoding="UTF-8"?>
<testsuites name="Mocha Tests" time="75.689" tests="4" failures="0">
  <testsuite name="Root Suite" timestamp="2023-02-08T05:41:05" tests="0" file="cypress\e2e\mobile\orgmgmtview.cy.js" time="0.000" failures="0">
  </testsuite>
  <testsuite name="Mobile Organization Management View verification" timestamp="2023-02-08T05:41:05" tests="4" time="75.676" failures="0">
    <testcase name="Mobile Organization Management View verification Org management table columns visibility on iphone-8 screen" time="21.905" classname="Org management table columns visibility on iphone-8 screen">
    </testcase>
    <testcase name="Mobile Organization Management View verification Org management table columns visibility on ipad-2 screen" time="17.558" classname="Org management table columns visibility on ipad-2 screen">
    </testcase>
    <testcase name="Mobile Organization Management View verification Org management table columns visibility on 1170,2532 screen" time="18.466" classname="Org management table columns visibility on 1170,2532 screen">
    </testcase>
    <testcase name="Mobile Organization Management View verification Org management table columns visibility on samsung-note9 screen" time="17.588" classname="Org management table columns visibility on samsung-note9 screen">
    </testcase>
  </testsuite>
</testsuites>