<?xml version="1.0" encoding="UTF-8"?>
<testsuites name="Mocha Tests" time="368.967" tests="2" failures="2">
  <testsuite name="Root Suite" timestamp="2023-02-08T04:56:54" tests="0" file="cypress\e2e\mapview-tests\canvas-click.cy.js" time="0.000" failures="0">
  </testsuite>
  <testsuite name="Click on the canvas zoom the cluster and view the asset" timestamp="2023-02-08T04:56:54" tests="2" time="368.945" failures="2">
    <testcase name="Click on the canvas zoom the cluster and view the asset Success canvas click test" time="0.000" classname="Success canvas click test">
      <failure message="Timed out retrying after 180000ms: Expected to find element: `[aria-label=&apos;account of current user&apos;]`, but never found it." type="AssertionError"><![CDATA[AssertionError: Timed out retrying after 180000ms: Expected to find element: `[aria-label='account of current user']`, but never found it.
    at Context.eval (webpack:///./cypress/e2e/mapview-tests/canvas-click.cy.js:4:51)]]></failure>
    </testcase>
    <testcase name="Click on the canvas zoom the cluster and view the asset Success canvas click test and zoom the cluster" time="0.000" classname="Success canvas click test and zoom the cluster">
      <failure message="Timed out retrying after 180000ms: Expected to find element: `[aria-label=&apos;account of current user&apos;]`, but never found it." type="AssertionError"><![CDATA[AssertionError: Timed out retrying after 180000ms: Expected to find element: `[aria-label='account of current user']`, but never found it.
    at Context.eval (webpack:///./cypress/e2e/mapview-tests/canvas-click.cy.js:34:51)]]></failure>
    </testcase>
  </testsuite>
</testsuites>