<?xml version="1.0" encoding="UTF-8"?>
<testsuites name="Mocha Tests" time="30.392" tests="1" failures="1">
  <testsuite name="Root Suite" timestamp="2023-02-08T18:28:21" tests="0" file="cypress\e2e\mapview-tests\asset-filters.cy.js" time="0.000" failures="0">
  </testsuite>
  <testsuite name="Verify and search assets using filters such as asset tags, asset search and gps signal" timestamp="2023-02-08T18:28:21" tests="1" time="30.379" failures="1">
    <testcase name="Verify and search assets using filters such as asset tags, asset search and gps signal verify and view asset details by selecting asset filters" time="0.000" classname="verify and view asset details by selecting asset filters">
      <failure message="Timed out retrying after 12000ms: Expected to find element: `[data-option-index=&apos;0&apos;]`, but never found it." type="AssertionError"><![CDATA[AssertionError: Timed out retrying after 12000ms: Expected to find element: `[data-option-index='0']`, but never found it.
    at Context.eval (webpack:///./cypress/e2e/mapview-tests/asset-filters.cy.js:53:5)]]></failure>
    </testcase>
  </testsuite>
</testsuites>