<?xml version="1.0" encoding="UTF-8"?>
<testsuites name="Mocha Tests" time="196.443" tests="1" failures="1">
  <testsuite name="Root Suite" timestamp="2023-02-08T05:45:00" tests="0" file="cypress\e2e\organization-management\edit-org.cy.js" time="0.000" failures="0">
  </testsuite>
  <testsuite name="Edit and Update Org" timestamp="2023-02-08T05:45:00" tests="1" time="196.430" failures="1">
    <testcase name="Edit and Update Org Navigate to My Organization and update the Organization" time="0.000" classname="Navigate to My Organization and update the Organization">
      <failure message="Timed out retrying after 180000ms: Expected to find element: `//div[text()=&quot;UPS&quot;]`, but never found it." type="AssertionError"><![CDATA[AssertionError: Timed out retrying after 180000ms: Expected to find element: `//div[text()="UPS"]`, but never found it.
    at Context.eval (webpack:///./cypress/support/commands.js:361:4)]]></failure>
    </testcase>
  </testsuite>
</testsuites>