<?xml version="1.0" encoding="UTF-8"?>
<testsuites name="Mocha Tests" time="15.817" tests="1" failures="1">
  <testsuite name="Root Suite" timestamp="2023-02-08T19:08:23" tests="0" file="cypress\e2e\device-management\UI\loginDeviceManagement.cy.js" time="0.000" failures="0">
  </testsuite>
  <testsuite name="Login" timestamp="2023-02-08T19:08:23" tests="1" time="15.796" failures="1">
    <testcase name="Login Success login test" time="0.000" classname="Success login test">
      <failure message="Timed out retrying after 12000ms: Expected to find element: `[aria-label=&apos;account of current user&apos;]`, but never found it." type="AssertionError"><![CDATA[AssertionError: Timed out retrying after 12000ms: Expected to find element: `[aria-label='account of current user']`, but never found it.
    at Context.eval (webpack:///./cypress/e2e/device-management/UI/loginDeviceManagement.cy.js:4:51)]]></failure>
    </testcase>
  </testsuite>
</testsuites>