<?xml version="1.0" encoding="UTF-8"?>
<testsuites name="Mocha Tests" time="30.591" tests="2" failures="0">
  <testsuite name="Root Suite" timestamp="2023-02-08T18:56:16" tests="0" file="cypress\e2e\organization-management\orgMgmtSpec.cy.js" time="0.000" failures="0">
  </testsuite>
  <testsuite name="Organization management page general tests" timestamp="2023-02-08T18:56:16" tests="2" time="30.579" failures="0">
    <testcase name="Organization management page general tests Verify different buttons visibility on the page above table header" time="15.033" classname="Verify different buttons visibility on the page above table header">
    </testcase>
    <testcase name="Organization management page general tests Verify user management table, search button and create new button is displayed" time="15.197" classname="Verify user management table, search button and create new button is displayed">
    </testcase>
  </testsuite>
</testsuites>