<?xml version="1.0" encoding="UTF-8"?>
<testsuites name="Mocha Tests" time="31.182" tests="2" failures="0">
  <testsuite name="Root Suite" timestamp="2023-02-08T06:18:23" tests="0" file="cypress\e2e\user-management\userMgmtSpec.cy.js" time="0.000" failures="0">
  </testsuite>
  <testsuite name="User management page general tests" timestamp="2023-02-08T06:18:23" tests="2" time="31.168" failures="0">
    <testcase name="User management page general tests Verify different buttons visibility on the page above table header" time="16.460" classname="Verify different buttons visibility on the page above table header">
    </testcase>
    <testcase name="User management page general tests Verify user management table, search button and create new button is displayed" time="14.369" classname="Verify user management table, search button and create new button is displayed">
    </testcase>
  </testsuite>
</testsuites>