<?xml version="1.0" encoding="UTF-8"?>
<testsuites name="Mocha Tests" time="19.166" tests="1" failures="0">
  <testsuite name="Root Suite" timestamp="2023-02-08T17:48:59" tests="0" file="cypress\e2e\asset-list-tests\assetsListShowHideSpec.cy.js" time="0.000" failures="0">
  </testsuite>
  <testsuite name="Asset list table view tests" timestamp="2023-02-08T17:48:59" tests="1" time="19.145" failures="0">
    <testcase name="Asset list table view tests validate hide/show column in Asset list table" time="19.108" classname="validate hide/show column in Asset list table">
    </testcase>
  </testsuite>
</testsuites>