<?xml version="1.0" encoding="UTF-8"?>
<testsuites name="Mocha Tests" time="52.670" tests="3" failures="0">
  <testsuite name="Root Suite" timestamp="2023-02-08T19:05:46" tests="0" file="cypress\e2e\user-management\searchUsersTests.cy.js" time="0.000" failures="0">
  </testsuite>
  <testsuite name="Search functionality in User management" timestamp="2023-02-08T19:05:46" tests="3" time="52.651" failures="0">
    <testcase name="Search functionality in User management Search users by providing status" time="17.564" classname="Search users by providing status">
    </testcase>
    <testcase name="Search functionality in User management Search users by providing Role" time="17.240" classname="Search users by providing Role">
    </testcase>
    <testcase name="Search functionality in User management Search users by providing company" time="17.680" classname="Search users by providing company">
    </testcase>
  </testsuite>
</testsuites>