<?xml version="1.0" encoding="UTF-8"?>
<testsuites name="Mocha Tests" time="32.874" tests="1" failures="1">
  <testsuite name="Root Suite" timestamp="2023-02-08T05:07:19" tests="0" file="cypress\e2e\mapview-tests\download-map-results.cy.js" time="0.000" failures="0">
  </testsuite>
  <testsuite name="Verify and download the map results as csv file" timestamp="2023-02-08T05:07:19" tests="1" time="32.850" failures="1">
    <testcase name="Verify and download the map results as csv file verify and download the map results as csv file" time="0.000" classname="verify and download the map results as csv file">
      <failure message="Timed out retrying after 15000ms: `cy.readFile(&quot;C:\Users\morin_ja\OneDrive - Adecco\Desktop\repo\connect1-qa\cypress\downloads/Phillips Connect assets - 02-07-2023.csv&quot;)` failed because the file does not exist at the following path:

`C:\Users\morin_ja\OneDrive - Adecco\Desktop\repo\connect1-qa\cypress\downloads\Phillips Connect assets - 02-07-2023.csv`

https://on.cypress.io/readfile" type="AssertionError"><![CDATA[AssertionError: Timed out retrying after 15000ms: `cy.readFile("C:\Users\morin_ja\OneDrive - Adecco\Desktop\repo\connect1-qa\cypress\downloads/Phillips Connect assets - 02-07-2023.csv")` failed because the file does not exist at the following path:

`C:\Users\morin_ja\OneDrive - Adecco\Desktop\repo\connect1-qa\cypress\downloads\Phillips Connect assets - 02-07-2023.csv`

https://on.cypress.io/readfile
    at Context.eval (webpack:///./cypress/e2e/mapview-tests/download-map-results.cy.js:20:64)]]></failure>
    </testcase>
  </testsuite>
</testsuites>