<?xml version="1.0" encoding="UTF-8"?>
<testsuites name="Mocha Tests" time="74.969" tests="4" failures="0">
  <testsuite name="Root Suite" timestamp="2023-02-08T18:52:10" tests="0" file="cypress\e2e\mobile\userMgmtView.cy.js" time="0.000" failures="0">
  </testsuite>
  <testsuite name="Mobile User Management View verification" timestamp="2023-02-08T18:52:10" tests="4" time="74.948" failures="0">
    <testcase name="Mobile User Management View verification User management table columns visibility on iphone-8 screen" time="19.223" classname="User management table columns visibility on iphone-8 screen">
    </testcase>
    <testcase name="Mobile User Management View verification User management table columns visibility on ipad-2 screen" time="17.976" classname="User management table columns visibility on ipad-2 screen">
    </testcase>
    <testcase name="Mobile User Management View verification User management table columns visibility on 1170,2532 screen" time="18.626" classname="User management table columns visibility on 1170,2532 screen">
    </testcase>
    <testcase name="Mobile User Management View verification User management table columns visibility on samsung-note9 screen" time="19.012" classname="User management table columns visibility on samsung-note9 screen">
    </testcase>
  </testsuite>
</testsuites>