<?xml version="1.0" encoding="UTF-8"?>
<testsuites name="Mocha Tests" time="15.752" tests="1" failures="1">
  <testsuite name="Root Suite" timestamp="2023-02-08T18:31:21" tests="0" file="cypress\e2e\mapview-tests\filter-assets-bydate.cy.js" time="0.000" failures="0">
  </testsuite>
  <testsuite name="Verify the Asset Filter by dates" timestamp="2023-02-08T18:31:21" tests="1" time="15.733" failures="1">
    <testcase name="Verify the Asset Filter by dates Asset Filter by Dates" time="0.000" classname="Asset Filter by Dates">
      <failure message="Timed out retrying after 12000ms: Expected to find element: `[aria-label=&apos;account of current user&apos;]`, but never found it." type="AssertionError"><![CDATA[AssertionError: Timed out retrying after 12000ms: Expected to find element: `[aria-label='account of current user']`, but never found it.
    at Context.eval (webpack:///./cypress/e2e/mapview-tests/filter-assets-bydate.cy.js:12:51)]]></failure>
    </testcase>
  </testsuite>
</testsuites>