<?xml version="1.0" encoding="UTF-8"?>
<testsuites name="Mocha Tests" time="40.977" tests="2" failures="0">
  <testsuite name="Root Suite" timestamp="2023-02-08T18:53:57" tests="0" file="cypress\e2e\organization-management\create-suborg.cy.js" time="0.000" failures="0">
  </testsuite>
  <testsuite name="Create New Organization management" timestamp="2023-02-08T18:53:57" tests="2" time="40.967" failures="0">
    <testcase name="Create New Organization management Create and verify the newly created organization" time="22.485" classname="Create and verify the newly created organization">
    </testcase>
    <testcase name="Create New Organization management Create sub org from parent org and verify the newly created sub organization from parent organization" time="18.389" classname="Create sub org from parent org and verify the newly created sub organization from parent organization">
    </testcase>
  </testsuite>
</testsuites>