<?xml version="1.0" encoding="UTF-8"?>
<testsuites name="Mocha Tests" time="34.389" tests="8" failures="1">
  <testsuite name="Root Suite" timestamp="2023-02-08T03:34:04" tests="0" file="cypress\e2e\asset-list-tests\assetsListSpec.cy.js" time="0.000" failures="0">
  </testsuite>
  <testsuite name="Asset Management page general tests" timestamp="2023-02-08T03:34:04" tests="8" time="34.374" failures="1">
    <testcase name="Asset Management page general tests &quot;before each&quot; hook for &quot;verify Material UI Premium buttons above table header&quot;" time="0.000" classname="&quot;before each&quot; hook for &quot;verify Material UI Premium buttons above table header&quot;">
      <failure message="Timed out retrying after 30000ms: Expected &lt;div.spinner&gt; not to exist in the DOM, but it was continuously found.

Because this error occurred during a `before each` hook we are skipping the remaining tests in the current suite: `Asset Management page gener...`" type="AssertionError"><![CDATA[AssertionError: Timed out retrying after 30000ms: Expected <div.spinner> not to exist in the DOM, but it was continuously found.

Because this error occurred during a `before each` hook we are skipping the remaining tests in the current suite: `Asset Management page gener...`
    at Context.eval (webpack:///./cypress/support/commands.js:228:3)]]></failure>
    </testcase>
  </testsuite>
</testsuites>