<?xml version="1.0" encoding="UTF-8"?>
<testsuites name="Mocha Tests" time="34.462" tests="2" failures="0">
  <testsuite name="Root Suite" timestamp="2023-02-08T19:07:39" tests="0" file="cypress\e2e\user-management\userMgmtTableView.cy.js" time="0.000" failures="0">
  </testsuite>
  <testsuite name="Verify User management table view" timestamp="2023-02-08T19:07:39" tests="2" time="34.450" failures="0">
    <testcase name="Verify User management table view Verify user management table columns visibility in table view" time="16.998" classname="Verify user management table columns visibility in table view">
    </testcase>
    <testcase name="Verify User management table view Get organization name for the associated user logged" time="16.938" classname="Get organization name for the associated user logged">
    </testcase>
  </testsuite>
</testsuites>