<?xml version="1.0" encoding="UTF-8"?>
<testsuites name="Mocha Tests" time="1.814" tests="1" failures="0">
  <testsuite name="Root Suite" timestamp="2023-02-08T18:58:53" tests="1" file="cypress\e2e\API\smoke-api-tests\findAllAssets-api-tests.cy.js" time="1.811" failures="0">
    <testcase name="Send an API request to find all Assets" time="1.133" classname="Send an API request to find all Assets">
    </testcase>
  </testsuite>
</testsuites>