<?xml version="1.0" encoding="UTF-8"?>
<testsuites name="Mocha Tests" time="221.957" tests="1" failures="1">
  <testsuite name="Root Suite" timestamp="2023-02-08T05:48:27" tests="0" file="cypress\e2e\organization-management\exportDataOrgs.cy.js" time="0.000" failures="0">
  </testsuite>
  <testsuite name="Organization management page export verification" timestamp="2023-02-08T05:48:27" tests="1" time="221.941" failures="1">
    <testcase name="Organization management page export verification Verify export button is visible and downloading CSV file" time="0.000" classname="Verify export button is visible and downloading CSV file">
      <failure message="Timed out retrying after 180000ms: Expected to find content: &apos;Download as CSV&apos; within the element: &lt;li.MuiButtonBase-root.MuiMenuItem-root.MuiMenuItem-gutters.MuiMenuItem-root.MuiMenuItem-gutters.css-a763h1&gt; but never did." type="AssertionError"><![CDATA[AssertionError: Timed out retrying after 180000ms: Expected to find content: 'Download as CSV' within the element: <li.MuiButtonBase-root.MuiMenuItem-root.MuiMenuItem-gutters.MuiMenuItem-root.MuiMenuItem-gutters.css-a763h1> but never did.
    at Context.eval (webpack:///./cypress/e2e/organization-management/exportDataOrgs.cy.js:18:4)]]></failure>
    </testcase>
  </testsuite>
</testsuites>