<?xml version="1.0" encoding="UTF-8"?>
<testsuites name="Mocha Tests" time="31.316" tests="2" failures="0">
  <testsuite name="Root Suite" timestamp="2023-02-08T06:18:58" tests="0" file="cypress\e2e\user-management\userMgmtTableView.cy.js" time="0.000" failures="0">
  </testsuite>
  <testsuite name="Verify User management table view" timestamp="2023-02-08T06:18:58" tests="2" time="31.304" failures="0">
    <testcase name="Verify User management table view Verify user management table columns visibility in table view" time="17.038" classname="Verify user management table columns visibility in table view">
    </testcase>
    <testcase name="Verify User management table view Get organization name for the associated user logged" time="13.885" classname="Get organization name for the associated user logged">
    </testcase>
  </testsuite>
</testsuites>