<?xml version="1.0" encoding="UTF-8"?>
<testsuites name="Mocha Tests" time="397.819" tests="17" failures="9">
  <testsuite name="Root Suite" timestamp="2023-02-08T18:06:35" tests="0" file="cypress\e2e\landing-page-tests\globalSearchUsersSpec.cy.js" time="0.000" failures="0">
  </testsuite>
  <testsuite name="Global &quot;Users&quot; Search verification" timestamp="2023-02-08T18:06:35" tests="17" time="397.807" failures="9">
    <testcase name="Global &quot;Users&quot; Search verification Users option can be selected for global search" time="16.066" classname="Users option can be selected for global search">
    </testcase>
    <testcase name="Global &quot;Users&quot; Search verification Recent Searches is not displayed while clicking on Global Search input" time="15.550" classname="Recent Searches is not displayed while clicking on Global Search input">
    </testcase>
    <testcase name="Global &quot;Users&quot; Search verification Suggestions should not be displayed for Global Search when less than 3 characters is typed" time="18.653" classname="Suggestions should not be displayed for Global Search when less than 3 characters is typed">
    </testcase>
    <testcase name="Global &quot;Users&quot; Search verification Suggestions should not be displayed for Global Search when not existing search term is typed" time="14.913" classname="Suggestions should not be displayed for Global Search when not existing search term is typed">
    </testcase>
    <testcase name="Global &quot;Users&quot; Search verification Suggestions should be displayed for Global Search when 3 characters of existing term is typed" time="14.757" classname="Suggestions should be displayed for Global Search when 3 characters of existing term is typed">
    </testcase>
    <testcase name="Global &quot;Users&quot; Search verification &quot;Keep typing&quot; is displayed when Global Search is performed for less than 3 characters typed" time="17.006" classname="&quot;Keep typing&quot; is displayed when Global Search is performed for less than 3 characters typed">
    </testcase>
    <testcase name="Global &quot;Users&quot; Search verification No data should be displayed on Users List table when not existing search term is typed" time="16.433" classname="No data should be displayed on Users List table when not existing search term is typed">
    </testcase>
    <testcase name="Global &quot;Users&quot; Search verification Data should be displayed on Users List table when part of existing search term is typed" time="16.164" classname="Data should be displayed on Users List table when part of existing search term is typed">
    </testcase>
    <testcase name="Global &quot;Users&quot; Search verification Global User Search by existing &quot;Created Date&quot;" time="0.000" classname="Global User Search by existing &quot;Created Date&quot;">
      <failure message="Timed out retrying after 12000ms: Expected to find element: `.MuiAutocomplete-popper li span`, but never found it." type="AssertionError"><![CDATA[AssertionError: Timed out retrying after 12000ms: Expected to find element: `.MuiAutocomplete-popper li span`, but never found it.
    at Context.eval (webpack:///./cypress/e2e/landing-page-tests/globalSearchUsersSpec.cy.js:66:5)]]></failure>
    </testcase>
    <testcase name="Global &quot;Users&quot; Search verification Global User Search by existing &quot;Company/Sub Company&quot;&apos;" time="0.000" classname="Global User Search by existing &quot;Company/Sub Company&quot;&apos;">
      <failure message="Timed out retrying after 12000ms: Expected to find element: `.MuiAutocomplete-popper li span`, but never found it." type="AssertionError"><![CDATA[AssertionError: Timed out retrying after 12000ms: Expected to find element: `.MuiAutocomplete-popper li span`, but never found it.
    at Context.eval (webpack:///./cypress/e2e/landing-page-tests/globalSearchUsersSpec.cy.js:82:6)]]></failure>
    </testcase>
    <testcase name="Global &quot;Users&quot; Search verification Global User Search by existing &quot;Last Name&quot;&apos;" time="0.000" classname="Global User Search by existing &quot;Last Name&quot;&apos;">
      <failure message="Timed out retrying after 12000ms: Expected to find element: `.MuiAutocomplete-popper li span`, but never found it." type="AssertionError"><![CDATA[AssertionError: Timed out retrying after 12000ms: Expected to find element: `.MuiAutocomplete-popper li span`, but never found it.
    at Context.eval (webpack:///./cypress/e2e/landing-page-tests/globalSearchUsersSpec.cy.js:82:6)]]></failure>
    </testcase>
    <testcase name="Global &quot;Users&quot; Search verification Global User Search by existing &quot;First Name&quot;&apos;" time="0.000" classname="Global User Search by existing &quot;First Name&quot;&apos;">
      <failure message="Timed out retrying after 12000ms: Expected to find element: `.MuiAutocomplete-popper li span`, but never found it." type="AssertionError"><![CDATA[AssertionError: Timed out retrying after 12000ms: Expected to find element: `.MuiAutocomplete-popper li span`, but never found it.
    at Context.eval (webpack:///./cypress/e2e/landing-page-tests/globalSearchUsersSpec.cy.js:82:6)]]></failure>
    </testcase>
    <testcase name="Global &quot;Users&quot; Search verification Global User Search by existing &quot;User Name&quot;&apos;" time="0.000" classname="Global User Search by existing &quot;User Name&quot;&apos;">
      <failure message="Timed out retrying after 12000ms: Expected to find element: `.MuiAutocomplete-popper li span`, but never found it." type="AssertionError"><![CDATA[AssertionError: Timed out retrying after 12000ms: Expected to find element: `.MuiAutocomplete-popper li span`, but never found it.
    at Context.eval (webpack:///./cypress/e2e/landing-page-tests/globalSearchUsersSpec.cy.js:82:6)]]></failure>
    </testcase>
    <testcase name="Global &quot;Users&quot; Search verification Global User Search by existing &quot;Email&quot;&apos;" time="0.000" classname="Global User Search by existing &quot;Email&quot;&apos;">
      <failure message="Timed out retrying after 12000ms: Expected to find element: `.MuiAutocomplete-popper li span`, but never found it." type="AssertionError"><![CDATA[AssertionError: Timed out retrying after 12000ms: Expected to find element: `.MuiAutocomplete-popper li span`, but never found it.
    at Context.eval (webpack:///./cypress/e2e/landing-page-tests/globalSearchUsersSpec.cy.js:82:6)]]></failure>
    </testcase>
    <testcase name="Global &quot;Users&quot; Search verification Global User Search by existing &quot;Phone Number&quot;&apos;" time="0.000" classname="Global User Search by existing &quot;Phone Number&quot;&apos;">
      <failure message="Timed out retrying after 12000ms: Expected to find element: `.MuiAutocomplete-popper li span`, but never found it." type="AssertionError"><![CDATA[AssertionError: Timed out retrying after 12000ms: Expected to find element: `.MuiAutocomplete-popper li span`, but never found it.
    at Context.eval (webpack:///./cypress/e2e/landing-page-tests/globalSearchUsersSpec.cy.js:82:6)]]></failure>
    </testcase>
    <testcase name="Global &quot;Users&quot; Search verification Global User Search by existing &quot;Role&quot;&apos;" time="0.000" classname="Global User Search by existing &quot;Role&quot;&apos;">
      <failure message="Timed out retrying after 12000ms: Expected to find element: `.MuiAutocomplete-popper li span`, but never found it." type="AssertionError"><![CDATA[AssertionError: Timed out retrying after 12000ms: Expected to find element: `.MuiAutocomplete-popper li span`, but never found it.
    at Context.eval (webpack:///./cypress/e2e/landing-page-tests/globalSearchUsersSpec.cy.js:82:6)]]></failure>
    </testcase>
    <testcase name="Global &quot;Users&quot; Search verification Global User Search by existing &quot;Status&quot;&apos;" time="0.000" classname="Global User Search by existing &quot;Status&quot;&apos;">
      <failure message="Timed out retrying after 12000ms: Expected to find element: `.MuiAutocomplete-popper li span`, but never found it." type="AssertionError"><![CDATA[AssertionError: Timed out retrying after 12000ms: Expected to find element: `.MuiAutocomplete-popper li span`, but never found it.
    at Context.eval (webpack:///./cypress/e2e/landing-page-tests/globalSearchUsersSpec.cy.js:82:6)]]></failure>
    </testcase>
  </testsuite>
</testsuites>