<?xml version="1.0" encoding="UTF-8"?>
<testsuites name="Mocha Tests" time="225.014" tests="1" failures="1">
  <testsuite name="Root Suite" timestamp="2023-02-08T05:03:21" tests="0" file="cypress\e2e\mapview-tests\create-asset-remove.cy.js" time="0.000" failures="0">
  </testsuite>
  <testsuite name="Verify create asset and verify it is removed sucessfully from list" timestamp="2023-02-08T05:03:21" tests="1" time="224.994" failures="1">
    <testcase name="Verify create asset and verify it is removed sucessfully from list verify create asset and verify it is removed sucessfully from list" time="0.000" classname="verify create asset and verify it is removed sucessfully from list">
      <failure message="Timed out retrying after 180000ms: Expected to find element: `[title=&quot;484700594&quot;]`, but never found it." type="AssertionError"><![CDATA[AssertionError: Timed out retrying after 180000ms: Expected to find element: `[title="484700594"]`, but never found it.
    at Context.eval (webpack:///./cypress/e2e/mapview-tests/create-asset-remove.cy.js:79:5)]]></failure>
    </testcase>
  </testsuite>
</testsuites>