<?xml version="1.0" encoding="UTF-8"?>
<testsuites name="Mocha Tests" time="199.128" tests="1" failures="1">
  <testsuite name="Root Suite" timestamp="2023-02-08T06:10:25" tests="0" file="cypress\e2e\user-management\exportDataUsers.cy.js" time="0.000" failures="0">
  </testsuite>
  <testsuite name="User Management page export verification" timestamp="2023-02-08T06:10:25" tests="1" time="199.108" failures="1">
    <testcase name="User Management page export verification Verify export button is visible and downloading CSV file" time="0.000" classname="Verify export button is visible and downloading CSV file">
      <failure message="Timed out retrying after 180000ms: expected &apos;&lt;li.MuiButtonBase-root.MuiMenuItem-root.MuiMenuItem-gutters.MuiMenuItem-root.MuiMenuItem-gutters.css-a763h1&gt;&apos; to contain text &apos;Download as CSV&apos;, but the text was &apos;Logout&apos;" type="AssertionError"><![CDATA[AssertionError: Timed out retrying after 180000ms: expected '<li.MuiButtonBase-root.MuiMenuItem-root.MuiMenuItem-gutters.MuiMenuItem-root.MuiMenuItem-gutters.css-a763h1>' to contain text 'Download as CSV', but the text was 'Logout'
    at Context.eval (webpack:///./cypress/e2e/user-management/exportDataUsers.cy.js:18:4)

      + expected - actual

      -'Logout'
      +'Download as CSV'
      ]]></failure>
    </testcase>
  </testsuite>
</testsuites>