<?xml version="1.0" encoding="UTF-8"?>
<testsuites name="Mocha Tests" time="3.118" tests="1" failures="0">
  <testsuite name="Root Suite" timestamp="2023-02-08T06:19:42" tests="0" file="cypress\e2e\device-management\API\api-devicemanagement-test.cy.js" time="0.000" failures="0">
  </testsuite>
  <testsuite name="Token generate Requests" timestamp="2023-02-08T06:19:42" tests="1" time="3.105" failures="0">
    <testcase name="Token generate Requests cy.request() - make an API request to find Token" time="3.093" classname="cy.request() - make an API request to find Token">
    </testcase>
  </testsuite>
</testsuites>