<?xml version="1.0" encoding="UTF-8"?>
<testsuites name="Mocha Tests" time="34.622" tests="1" failures="1">
  <testsuite name="Root Suite" timestamp="2023-02-08T03:35:30" tests="0" file="cypress\e2e\asset-list-tests\importDataSpec.cy.js" time="0.000" failures="0">
  </testsuite>
  <testsuite name="Asset Management import verification" timestamp="2023-02-08T03:35:30" tests="1" time="34.596" failures="1">
    <testcase name="Asset Management import verification &quot;before each&quot; hook for &quot;Verify import button is visible and upload CSV file&quot;" time="0.000" classname="&quot;before each&quot; hook for &quot;Verify import button is visible and upload CSV file&quot;">
      <failure message="Timed out retrying after 30000ms: Expected &lt;div.spinner&gt; not to exist in the DOM, but it was continuously found.

Because this error occurred during a `before each` hook we are skipping the remaining tests in the current suite: `Asset Management import ver...`" type="AssertionError"><![CDATA[AssertionError: Timed out retrying after 30000ms: Expected <div.spinner> not to exist in the DOM, but it was continuously found.

Because this error occurred during a `before each` hook we are skipping the remaining tests in the current suite: `Asset Management import ver...`
    at Context.eval (webpack:///./cypress/support/commands.js:228:3)]]></failure>
    </testcase>
  </testsuite>
</testsuites>