<?xml version="1.0" encoding="UTF-8"?>
<testsuites name="Mocha Tests" time="35.476" tests="4" failures="1">
  <testsuite name="Root Suite" timestamp="2023-02-08T03:31:31" tests="0" file="cypress\e2e\asset-list-tests\assetDetailsViewSpec.cy.js" time="0.000" failures="0">
  </testsuite>
  <testsuite name="Asset Management page -- details view verification" timestamp="2023-02-08T03:31:31" tests="4" time="35.464" failures="1">
    <testcase name="Asset Management page -- details view verification &quot;before each&quot; hook for &quot;Verify Asset Details View is collapsable&quot;" time="0.000" classname="&quot;before each&quot; hook for &quot;Verify Asset Details View is collapsable&quot;">
      <failure message="Timed out retrying after 30000ms: Expected &lt;div.spinner&gt; not to exist in the DOM, but it was continuously found.

Because this error occurred during a `before each` hook we are skipping the remaining tests in the current suite: `Asset Management page -- de...`" type="AssertionError"><![CDATA[AssertionError: Timed out retrying after 30000ms: Expected <div.spinner> not to exist in the DOM, but it was continuously found.

Because this error occurred during a `before each` hook we are skipping the remaining tests in the current suite: `Asset Management page -- de...`
    at Context.eval (webpack:///./cypress/support/commands.js:228:3)]]></failure>
    </testcase>
  </testsuite>
</testsuites>