<?xml version="1.0" encoding="UTF-8"?>
<testsuites name="Mocha Tests" time="234.868" tests="3" failures="1">
  <testsuite name="Root Suite" timestamp="2023-02-08T06:13:55" tests="0" file="cypress\e2e\user-management\searchUsersTests.cy.js" time="0.000" failures="0">
  </testsuite>
  <testsuite name="Search functionality in User management" timestamp="2023-02-08T06:13:55" tests="3" time="234.853" failures="1">
    <testcase name="Search functionality in User management Search users by providing status" time="18.232" classname="Search users by providing status">
    </testcase>
    <testcase name="Search functionality in User management Search users by providing Role" time="0.000" classname="Search users by providing Role">
      <failure message="Timed out retrying after 180000ms: expected &apos;&lt;div.MuiDataGrid-cellContent&gt;&apos; to have text &apos;clientadmin&apos;, but the text was &apos;superadmin&apos;" type="AssertionError"><![CDATA[AssertionError: Timed out retrying after 180000ms: expected '<div.MuiDataGrid-cellContent>' to have text 'clientadmin', but the text was 'superadmin'
    at Context.eval (webpack:///./cypress/e2e/user-management/searchUsersTests.cy.js:29:22)

      + expected - actual

      -'superadmin'
      +'clientadmin'
      ]]></failure>
    </testcase>
    <testcase name="Search functionality in User management Search users by providing company" time="18.765" classname="Search users by providing company">
    </testcase>
  </testsuite>
</testsuites>