<?xml version="1.0" encoding="UTF-8"?>
<testsuites name="Mocha Tests" time="184.505" tests="1" failures="1">
  <testsuite name="Root Suite" timestamp="2023-02-08T04:53:40" tests="0" file="cypress\e2e\mapview-tests\assets-dashboard-flyout.cy.js" time="0.000" failures="0">
  </testsuite>
  <testsuite name="Click on the asset dashboard flyout " timestamp="2023-02-08T04:53:40" tests="1" time="184.493" failures="1">
    <testcase name="Click on the asset dashboard flyout  Success click on asset dashboard flyout and close it" time="0.000" classname="Success click on asset dashboard flyout and close it">
      <failure message="Timed out retrying after 180000ms: Expected to find element: `[aria-label=&apos;account of current user&apos;]`, but never found it." type="AssertionError"><![CDATA[AssertionError: Timed out retrying after 180000ms: Expected to find element: `[aria-label='account of current user']`, but never found it.
    at Context.eval (webpack:///./cypress/e2e/mapview-tests/assets-dashboard-flyout.cy.js:7:51)]]></failure>
    </testcase>
  </testsuite>
</testsuites>