<?xml version="1.0" encoding="UTF-8"?>
<testsuites name="Mocha Tests" time="45.670" tests="1" failures="1">
  <testsuite name="Root Suite" timestamp="2023-02-08T17:52:56" tests="0" file="cypress\e2e\asset-list-tests\exportDataSpec.cy.js" time="0.000" failures="0">
  </testsuite>
  <testsuite name="Asset Management page export verification" timestamp="2023-02-08T17:52:56" tests="1" time="45.657" failures="1">
    <testcase name="Asset Management page export verification verify export button is visible and downloading CSV file" time="0.000" classname="verify export button is visible and downloading CSV file">
      <failure message="Timed out retrying after 12000ms: `cy.readFile(&quot;C:\Users\morin_ja\OneDrive - Adecco\Desktop\repo\connect1-qa\cypress\downloads\Phillips Connect assets - 2_8_2023.csv&quot;)` failed because the file does not exist at the following path:

`C:\Users\morin_ja\OneDrive - Adecco\Desktop\repo\connect1-qa\cypress\downloads\Phillips Connect assets - 2_8_2023.csv`

https://on.cypress.io/readfile" type="AssertionError"><![CDATA[AssertionError: Timed out retrying after 12000ms: `cy.readFile("C:\Users\morin_ja\OneDrive - Adecco\Desktop\repo\connect1-qa\cypress\downloads\Phillips Connect assets - 2_8_2023.csv")` failed because the file does not exist at the following path:

`C:\Users\morin_ja\OneDrive - Adecco\Desktop\repo\connect1-qa\cypress\downloads\Phillips Connect assets - 2_8_2023.csv`

https://on.cypress.io/readfile
    at Context.eval (webpack:///./cypress/e2e/asset-list-tests/exportDataSpec.cy.js:13:70)]]></failure>
    </testcase>
  </testsuite>
</testsuites>