<?xml version="1.0" encoding="UTF-8"?>
<testsuites name="Mocha Tests" time="196.468" tests="1" failures="1">
  <testsuite name="Root Suite" timestamp="2023-02-08T06:06:59" tests="0" file="cypress\e2e\user-management\edit-user.cy.js" time="0.000" failures="0">
  </testsuite>
  <testsuite name="Edit and Update User" timestamp="2023-02-08T06:06:59" tests="1" time="196.457" failures="1">
    <testcase name="Edit and Update User Navigate to User Management and update the User" time="0.000" classname="Navigate to User Management and update the User">
      <failure message="Timed out retrying after 180000ms: Expected to find element: `//div[text()=&quot;jayfreshco&quot;]`, but never found it." type="AssertionError"><![CDATA[AssertionError: Timed out retrying after 180000ms: Expected to find element: `//div[text()="jayfreshco"]`, but never found it.
    at Context.eval (webpack:///./cypress/support/commands.js:349:4)]]></failure>
    </testcase>
  </testsuite>
</testsuites>